<?xml version="1.0" encoding="UTF-8"?>
<testng-results ignored="0" total="1" passed="1" failed="0" skipped="0">
  <reporter-output>
  </reporter-output>
  <suite started-at="2022-06-13T09:46:31 IST" name="Default suite" finished-at="2022-06-13T09:46:56 IST" duration-ms="25293">
    <groups>
    </groups>
    <test started-at="2022-06-13T09:46:31 IST" name="Default test" finished-at="2022-06-13T09:46:56 IST" duration-ms="25293">
      <class name="MavenPracticeSession.Demowebshopshoppingcart">
        <test-method is-config="true" signature="openchrome(java.lang.String)[pri:0, instance:MavenPracticeSession.Demowebshopshoppingcart@57af006c]" started-at="2022-06-13T09:46:31 IST" name="openchrome" finished-at="2022-06-13T09:46:42 IST" duration-ms="11295" status="PASS">
          <params>
            <param index="0">
              <value>
                <![CDATA[chrome]]>
              </value>
            </param>
          </params>
          <reporter-output>
          </reporter-output>
        </test-method> <!-- openchrome -->
        <test-method signature="TC()[pri:0, instance:MavenPracticeSession.Demowebshopshoppingcart@57af006c]" started-at="2022-06-13T09:46:42 IST" name="TC" finished-at="2022-06-13T09:46:56 IST" duration-ms="13467" status="PASS">
          <reporter-output>
          </reporter-output>
        </test-method> <!-- TC -->
        <test-method is-config="true" signature="closebrowser()[pri:0, instance:MavenPracticeSession.Demowebshopshoppingcart@57af006c]" started-at="2022-06-13T09:46:56 IST" name="closebrowser" finished-at="2022-06-13T09:46:56 IST" duration-ms="446" status="PASS">
          <reporter-output>
          </reporter-output>
        </test-method> <!-- closebrowser -->
      </class> <!-- MavenPracticeSession.Demowebshopshoppingcart -->
    </test> <!-- Default test -->
  </suite> <!-- Default suite -->
</testng-results>
